[debug] [2025-11-22T08:17:04.366Z] ----------------------------------------------------------------------
[debug] [2025-11-22T08:17:04.368Z] Command:       /home/bernard/.var/app/com.visualstudio.code/config/nvm/versions/node/v22.12.0/bin/node /home/bernard/.var/app/com.visualstudio.code/config/nvm/versions/node/v22.12.0/bin/firebase init
[debug] [2025-11-22T08:17:04.368Z] CLI Version:   14.26.0
[debug] [2025-11-22T08:17:04.368Z] Platform:      linux
[debug] [2025-11-22T08:17:04.368Z] Node Version:  v22.12.0
[debug] [2025-11-22T08:17:04.369Z] Time:          Sat Nov 22 2025 09:17:04 GMT+0100 (Central European Standard Time)
[debug] [2025-11-22T08:17:04.369Z] ----------------------------------------------------------------------
[debug] 
[info] 
     ######## #### ########  ######## ########     ###     ######  ########
     ##        ##  ##     ## ##       ##     ##  ##   ##  ##       ##
     ######    ##  ########  ######   ########  #########  ######  ######
     ##        ##  ##    ##  ##       ##     ## ##     ##       ## ##
     ##       #### ##     ## ######## ########  ##     ##  ######  ########

You're about to initialize a Firebase project in this directory:

  /mnt/blue/projects/reservation

Before we get started, keep in mind:

  * You are currently outside your home directory

[debug] [2025-11-22T08:17:31.495Z] ExitPromptError: User force closed the prompt with SIGINT
    at Interface.sigint (/home/bernard/.var/app/com.visualstudio.code/config/nvm/versions/node/v22.12.0/lib/node_modules/firebase-tools/node_modules/@inquirer/core/dist/commonjs/lib/create-prompt.js:101:37)
    at Interface.emit (node:events:524:28)
    at Interface.emit (node:domain:489:12)
    at [_ttyWrite] [as _ttyWrite] (node:internal/readline/interface:1124:18)
    at ReadStream.onkeypress (node:internal/readline/interface:263:20)
    at ReadStream.emit (node:events:536:35)
    at ReadStream.emit (node:domain:489:12)
    at emitKeys (node:internal/readline/utils:370:14)
    at emitKeys.next (<anonymous>)
    at ReadStream.onData (node:internal/readline/emitKeypressEvents:64:36)
[error] 
[error] Error: An unexpected error has occurred.
